#
# A fatal error has been detected by the Java Runtime Environment:
#
#  EXCEPTION_ACCESS_VIOLATION (0xc0000005) at pc=0x00000000, pid=1324, tid=368
#
# JRE version: 6.0_14-b08
# Java VM: Java HotSpot(TM) Client VM (14.0-b16 mixed mode, sharing windows-x86 )
# Problematic frame:
# C  0x00000000
#
# If you would like to submit a bug report, please visit:
#   http://java.sun.com/webapps/bugreport/crash.jsp
# The crash happened outside the Java Virtual Machine in native code.
# See problematic frame for where to report the bug.
#

---------------  T H R E A D  ---------------

Current thread (0x00a90800):  JavaThread "AWT-Windows" daemon [_thread_in_native, id=368, stack(0x04f60000,0x04fb0000)]

siginfo: ExceptionCode=0xc0000005, reading address 0x00000000

Registers:
EAX=0x00000000, EBX=0x00000000, ECX=0x00000000, EDX=0x69cf7f79
ESP=0x04faf7b4, EBP=0x04faf7c8, ESI=0x05316818, EDI=0x05407060
EIP=0x00000000, EFLAGS=0x00010206

Top of Stack: (sp=0x04faf7b4)
0x04faf7b4:   69cf8023 00000000 05508288 05316818
0x04faf7c4:   05407060 04faf7e0 69cf7fa5 05316818
0x04faf7d4:   05407060 0540a0a0 093b8fe0 04faf804
0x04faf7e4:   69cfcba0 04faf7f8 0538c818 093b8fe0
0x04faf7f4:   00000000 05316818 05407060 69e82aa9
0x04faf804:   04faf810 69cfcb1d 093b8fe8 04faf850
0x04faf814:   69d3a84a 00000001 dd29e62f 00000000
0x04faf824:   0538a080 00000000 04faf8a4 77002c41 

Instructions: (pc=0x00000000)
0xfffffff0:   


Stack: [0x04f60000,0x04fb0000],  sp=0x04faf7b4,  free space=317k
Java frames: (J=compiled Java code, j=interpreted, Vv=VM code)
j  sun.awt.windows.WToolkit.eventLoop()V+0
j  sun.awt.windows.WToolkit.run()V+69
j  java.lang.Thread.run()V+11
v  ~StubRoutines::call_stub

---------------  P R O C E S S  ---------------

Java Threads: ( => current thread )
  0x04c4c800 JavaThread "Thread-1" daemon [_thread_in_native, id=5156, stack(0x075a0000,0x075f0000)]
  0x08fd7000 JavaThread "Image Fetcher 2" daemon [_thread_blocked, id=5432, stack(0x07a70000,0x07ac0000)]
  0x04b99000 JavaThread "Image Fetcher 1" daemon [_thread_blocked, id=5456, stack(0x08910000,0x08960000)]
  0x04b11c00 JavaThread "D3D Screen Updater" daemon [_thread_in_native, id=5608, stack(0x079e0000,0x07a30000)]
  0x04ab6c00 JavaThread "Image Fetcher 0" daemon [_thread_blocked, id=6000, stack(0x07950000,0x079a0000)]
  0x00b59000 JavaThread "DestroyJavaVM" [_thread_blocked, id=5948, stack(0x00150000,0x001a0000)]
  0x00a92400 JavaThread "Thread-3" [_thread_blocked, id=3568, stack(0x078c0000,0x07910000)]
  0x04aa9400 JavaThread "AWT-EventQueue-0" [_thread_blocked, id=5828, stack(0x07510000,0x07560000)]
=>0x00a90800 JavaThread "AWT-Windows" daemon [_thread_in_native, id=368, stack(0x04f60000,0x04fb0000)]
  0x00a90400 JavaThread "AWT-Shutdown" [_thread_blocked, id=5860, stack(0x04ed0000,0x04f20000)]
  0x00ace800 JavaThread "Java2D Disposer" daemon [_thread_blocked, id=2044, stack(0x04e40000,0x04e90000)]
  0x00a59800 JavaThread "Low Memory Detector" daemon [_thread_blocked, id=1184, stack(0x04930000,0x04980000)]
  0x00a54400 JavaThread "CompilerThread0" daemon [_thread_blocked, id=840, stack(0x048a0000,0x048f0000)]
  0x00a51c00 JavaThread "Attach Listener" daemon [_thread_blocked, id=5252, stack(0x04810000,0x04860000)]
  0x00a49400 JavaThread "Signal Dispatcher" daemon [_thread_blocked, id=5580, stack(0x04780000,0x047d0000)]
  0x00a04000 JavaThread "Finalizer" daemon [_thread_blocked, id=2424, stack(0x046f0000,0x04740000)]
  0x00a02c00 JavaThread "Reference Handler" daemon [_thread_blocked, id=2976, stack(0x04660000,0x046b0000)]

Other Threads:
  0x00a01400 VMThread [stack: 0x04610000,0x04660000] [id=5812]
  0x00a63400 WatcherThread [stack: 0x049c0000,0x04a10000] [id=2612]

VM state:not at safepoint (normal execution)

VM Mutex/Monitor currently owned by a thread: None

Heap
 def new generation   total 1344K, used 1199K [0x24540000, 0x246b0000, 0x24a20000)
  eden space 1216K,  92% used [0x24540000, 0x2465a640, 0x24670000)
  from space 128K,  54% used [0x24690000, 0x246a1898, 0x246b0000)
  to   space 128K,   0% used [0x24670000, 0x24670000, 0x24690000)
 tenured generation   total 17344K, used 15404K [0x24a20000, 0x25b10000, 0x28540000)
   the space 17344K,  88% used [0x24a20000, 0x2592b160, 0x2592b200, 0x25b10000)
 compacting perm gen  total 12288K, used 676K [0x28540000, 0x29140000, 0x2c540000)
   the space 12288K,   5% used [0x28540000, 0x285e93c0, 0x285e9400, 0x29140000)
    ro space 8192K,  67% used [0x2c540000, 0x2caa8d98, 0x2caa8e00, 0x2cd40000)
    rw space 12288K,  54% used [0x2cd40000, 0x2d3bd0f0, 0x2d3bd200, 0x2d940000)

Dynamic libraries:
0x00400000 - 0x00424000 	C:\Program Files (x86)\Java\jdk1.6.0_14\bin\java.exe
0x76f50000 - 0x770b0000 	C:\Windows\SysWOW64\ntdll.dll
0x75340000 - 0x75450000 	C:\Windows\syswow64\kernel32.dll
0x76220000 - 0x762e6000 	C:\Windows\syswow64\ADVAPI32.dll
0x75f60000 - 0x76050000 	C:\Windows\syswow64\RPCRT4.dll
0x74f20000 - 0x74f80000 	C:\Windows\syswow64\Secur32.dll
0x7c340000 - 0x7c396000 	C:\Program Files (x86)\Java\jdk1.6.0_14\jre\bin\msvcr71.dll
0x6d8b0000 - 0x6db3b000 	C:\Program Files (x86)\Java\jdk1.6.0_14\jre\bin\client\jvm.dll
0x76ac0000 - 0x76b90000 	C:\Windows\syswow64\USER32.dll
0x76850000 - 0x768e0000 	C:\Windows\syswow64\GDI32.dll
0x748c0000 - 0x748f2000 	C:\Windows\system32\WINMM.dll
0x74f80000 - 0x7502a000 	C:\Windows\syswow64\msvcrt.dll
0x76570000 - 0x766b5000 	C:\Windows\syswow64\ole32.dll
0x76790000 - 0x7681d000 	C:\Windows\syswow64\OLEAUT32.dll
0x74880000 - 0x748bd000 	C:\Windows\system32\OLEACC.dll
0x76050000 - 0x760b0000 	C:\Windows\system32\IMM32.DLL
0x766c0000 - 0x76788000 	C:\Windows\syswow64\MSCTF.dll
0x737c0000 - 0x737ec000 	C:\Windows\system32\apphelp.dll
0x763e0000 - 0x763e9000 	C:\Windows\syswow64\LPK.DLL
0x75030000 - 0x750ad000 	C:\Windows\syswow64\USP10.dll
0x6d860000 - 0x6d86c000 	C:\Program Files (x86)\Java\jdk1.6.0_14\jre\bin\verify.dll
0x6d3e0000 - 0x6d3ff000 	C:\Program Files (x86)\Java\jdk1.6.0_14\jre\bin\java.dll
0x6d340000 - 0x6d348000 	C:\Program Files (x86)\Java\jdk1.6.0_14\jre\bin\hpi.dll
0x763f0000 - 0x763f7000 	C:\Windows\syswow64\PSAPI.DLL
0x6d8a0000 - 0x6d8af000 	C:\Program Files (x86)\Java\jdk1.6.0_14\jre\bin\zip.dll
0x6d0b0000 - 0x6d1fa000 	C:\Program Files (x86)\Java\jdk1.6.0_14\jre\bin\awt.dll
0x72d90000 - 0x72dd2000 	C:\Windows\system32\WINSPOOL.DRV
0x74990000 - 0x74b2e000 	C:\Windows\WinSxS\x86_microsoft.windows.common-controls_6595b64144ccf1df_6.0.6002.18005_none_5cb72f96088b0de0\comctl32.dll
0x76380000 - 0x763d9000 	C:\Windows\syswow64\SHLWAPI.dll
0x747e0000 - 0x747ec000 	C:\Windows\system32\DWMAPI.DLL
0x74800000 - 0x74880000 	C:\Windows\system32\uxtheme.dll
0x6d2e0000 - 0x6d334000 	C:\Program Files (x86)\Java\jdk1.6.0_14\jre\bin\fontmanager.dll
0x10100000 - 0x1010e000 	C:\Program Files\Logitech\SetPoint\x86\lgscroll.dll
0x74000000 - 0x7409b000 	C:\Windows\WinSxS\x86_microsoft.vc80.crt_1fc8b3b9a1e18e3b_8.0.50727.4053_none_d08d7da0442a985d\MSVCR80.dll
0x73bc0000 - 0x73be1000 	C:\Windows\system32\NTMARTA.DLL
0x76a70000 - 0x76ab9000 	C:\Windows\syswow64\WLDAP32.dll
0x76820000 - 0x7684d000 	C:\Windows\syswow64\WS2_32.dll
0x750b0000 - 0x750b6000 	C:\Windows\syswow64\NSI.dll
0x73ba0000 - 0x73bb1000 	C:\Windows\system32\SAMLIB.dll
0x69cf0000 - 0x69eaa000 	C:\Windows\system32\d3d9.dll
0x74b30000 - 0x74b38000 	C:\Windows\system32\VERSION.dll
0x71be0000 - 0x71be6000 	C:\Windows\system32\d3d8thk.dll
0x67670000 - 0x6798b000 	C:\Windows\system32\atiumdag.dll
0x67270000 - 0x6766d000 	C:\Windows\system32\atiumdva.dll
0x6d6c0000 - 0x6d6d3000 	C:\Program Files (x86)\Java\jdk1.6.0_14\jre\bin\net.dll
0x73990000 - 0x739cb000 	C:\Windows\system32\mswsock.dll
0x723c0000 - 0x723c5000 	C:\Windows\System32\wship6.dll
0x6d6e0000 - 0x6d6e9000 	C:\Program Files (x86)\Java\jdk1.6.0_14\jre\bin\nio.dll

VM Arguments:
jvm_args: -Dfile.encoding=UTF-8 
java_command: hamhamdash.Game
Launcher Type: SUN_STANDARD

Environment Variables:
CLASSPATH=.;C:\Program Files (x86)\Java\jre6\lib\ext\QTJava.zip
PATH=C:\Windows\system32;C:\Windows;C:\Windows\System32\Wbem;C:\Program Files (x86)\ATI Technologies\ATI.ACE\Core-Static;C:\Program Files\Intel\WiFi\bin\;C:\Program Files (x86)\QuickTime\QTSystem\;D:\Programma's\Python26;C:\Program Files (x86)\Common Files\DivX Shared\
USERNAME=Serhan
OS=Windows_NT
PROCESSOR_IDENTIFIER=Intel64 Family 6 Model 23 Stepping 6, GenuineIntel



---------------  S Y S T E M  ---------------

OS: Windows Vista Build 6002 Service Pack 2

CPU:total 2 (2 cores per cpu, 1 threads per core) family 6 model 23 stepping 6, cmov, cx8, fxsr, mmx, sse, sse2, sse3, ssse3, sse4.1

Memory: 4k page, physical 4122448k(1374852k free), swap 4194303k(4194303k free)

vm_info: Java HotSpot(TM) Client VM (14.0-b16) for windows-x86 JRE (1.6.0_14-b08), built on May 21 2009 08:03:56 by "java_re" with MS VC++ 7.1

time: Tue Apr 13 18:56:14 2010
elapsed time: 4 seconds

